[debug] [2017-08-23T09:30:54.373Z] ----------------------------------------------------------------------
[debug] [2017-08-23T09:30:54.375Z] Command:       /Users/00y/.nvm/versions/node/v8.1.4/bin/node /Users/00y/.nvm/versions/node/v8.1.4/bin/firebase functions:config:set moves.client_id=kdiz90L264WQ72Sc7OO0_0IUM4ZRrcB6 moves.client_secret=ctvltqaFM1y6BaEe1IdE7_c7St82X6sHmIuD4597QAQr4zl930o23F8mnF3t7NEn
[debug] [2017-08-23T09:30:54.375Z] CLI Version:   3.9.2
[debug] [2017-08-23T09:30:54.375Z] Platform:      darwin
[debug] [2017-08-23T09:30:54.376Z] Node Version:  v8.1.4
[debug] [2017-08-23T09:30:54.376Z] Time:          Wed Aug 23 2017 11:30:54 GMT+0200 (CEST)
[debug] [2017-08-23T09:30:54.376Z] ----------------------------------------------------------------------
[debug] 
[debug] [2017-08-23T09:30:54.386Z] > command requires scopes: ["email","openid","https://www.googleapis.com/auth/cloudplatformprojects.readonly","https://www.googleapis.com/auth/firebase","https://www.googleapis.com/auth/cloud-platform"]
[debug] [2017-08-23T09:30:54.386Z] > authorizing via signed-in user
[debug] [2017-08-23T09:30:54.388Z] >>> HTTP REQUEST GET https://admin.firebase.com/v1/projects/djinn-64564  
 Wed Aug 23 2017 11:30:54 GMT+0200 (CEST)
[debug] [2017-08-23T09:31:26.457Z] Error: getaddrinfo ENOTFOUND admin.firebase.com admin.firebase.com:443
    at errnoException (dns.js:50:10)
    at GetAddrInfoReqWrap.onlookup [as oncomplete] (dns.js:91:26)
[error] 
[error] Error: Server Error. getaddrinfo ENOTFOUND admin.firebase.com admin.firebase.com:443
[debug] [2017-08-23T11:38:55.517Z] ----------------------------------------------------------------------
[debug] [2017-08-23T11:38:55.520Z] Command:       /Users/00y/.nvm/versions/node/v8.1.4/bin/node /Users/00y/.nvm/versions/node/v8.1.4/bin/firebase functions:config:get
[debug] [2017-08-23T11:38:55.520Z] CLI Version:   3.9.2
[debug] [2017-08-23T11:38:55.520Z] Platform:      darwin
[debug] [2017-08-23T11:38:55.520Z] Node Version:  v8.1.4
[debug] [2017-08-23T11:38:55.520Z] Time:          Wed Aug 23 2017 13:38:55 GMT+0200 (CEST)
[debug] [2017-08-23T11:38:55.521Z] ----------------------------------------------------------------------
[debug] 
[debug] [2017-08-23T11:38:55.533Z] > command requires scopes: ["email","openid","https://www.googleapis.com/auth/cloudplatformprojects.readonly","https://www.googleapis.com/auth/firebase","https://www.googleapis.com/auth/cloud-platform"]
[debug] [2017-08-23T11:38:55.533Z] > authorizing via signed-in user
[debug] [2017-08-23T11:38:55.535Z] >>> HTTP REQUEST GET https://admin.firebase.com/v1/projects/djinn-64564  
 Wed Aug 23 2017 13:38:55 GMT+0200 (CEST)
[debug] [2017-08-23T11:39:53.004Z] Error: getaddrinfo ENOTFOUND admin.firebase.com admin.firebase.com:443
    at errnoException (dns.js:50:10)
    at GetAddrInfoReqWrap.onlookup [as oncomplete] (dns.js:91:26)
[error] 
[error] Error: Server Error. getaddrinfo ENOTFOUND admin.firebase.com admin.firebase.com:443
